<?xml version="1.0" encoding="UTF-8"?>
<!-- Generated by org.testng.reporters.JUnitReportReporter -->
<testsuite hostname="WL0087" name="org.lwf.auto.TestGrun99Login" tests="1" failures="0" timestamp="27 May 2019 03:29:43 GMT" time="3.066" errors="0">
  <testcase name="testLoginGun99" time="3.066" classname="org.lwf.auto.TestGrun99Login"/>
</testsuite> <!-- org.lwf.auto.TestGrun99Login -->
